<?xml version="1.0" encoding="UTF-8"?>
<testng-results ignored="0" total="1" passed="1" failed="0" skipped="0">
  <reporter-output>
  </reporter-output>
  <suite started-at="2024-12-28T14:26:56 IST" name="Default suite" finished-at="2024-12-28T14:27:00 IST" duration-ms="3016">
    <groups>
    </groups>
    <test started-at="2024-12-28T14:26:56 IST" name="Default test" finished-at="2024-12-28T14:27:00 IST" duration-ms="3016">
      <class name="P1_BasicHTTPRequest.ex4_DeleteRequest_Student">
        <test-method signature="TC_DeleteStudentDetail()[pri:0, instance:P1_BasicHTTPRequest.ex4_DeleteRequest_Student@3349e9bb]" started-at="2024-12-28T14:26:57 IST" name="TC_DeleteStudentDetail" finished-at="2024-12-28T14:26:59 IST" duration-ms="2899" status="PASS">
          <reporter-output>
          </reporter-output>
        </test-method> <!-- TC_DeleteStudentDetail -->
      </class> <!-- P1_BasicHTTPRequest.ex4_DeleteRequest_Student -->
    </test> <!-- Default test -->
  </suite> <!-- Default suite -->
</testng-results>
